Creating destination directory: "/Users/dev/test/copeems/javadoc/"
Loading source file /Users/dev/test/copeems/app/controllers/Application.java...
Constructing Javadoc information...
Standard Doclet version 1.7.0_07
Building tree for all the packages and classes...
Generating /Users/dev/test/copeems/javadoc/controllers/Application.html...
Generating /Users/dev/test/copeems/javadoc/controllers/package-frame.html...
Generating /Users/dev/test/copeems/javadoc/controllers/package-summary.html...
Generating /Users/dev/test/copeems/javadoc/controllers/package-tree.html...
Generating /Users/dev/test/copeems/javadoc/constant-values.html...
Building index for all the packages and classes...
Generating /Users/dev/test/copeems/javadoc/overview-tree.html...
Generating /Users/dev/test/copeems/javadoc/index-all.html...
Generating /Users/dev/test/copeems/javadoc/deprecated-list.html...
Building index for all classes...
Generating /Users/dev/test/copeems/javadoc/allclasses-frame.html...
Generating /Users/dev/test/copeems/javadoc/allclasses-noframe.html...
Generating /Users/dev/test/copeems/javadoc/index.html...
Generating /Users/dev/test/copeems/javadoc/help-doc.html...
1 warning
